<?xml version="1.0" encoding="UTF-8"?>
<!-- Generated by org.testng.reporters.JUnitReportReporter -->
<testsuite hostname="DESKTOP-Q8VNHIO" failures="0" tests="1" name="testNGExample.LoginTest" time="0.042" errors="0" timestamp="2022-06-09T19:38:46 IST" skipped="0">
  <testcase classname="testNGExample.LoginTest" name="login" time="0.042"/>
  <system-out/>
</testsuite> <!-- testNGExample.LoginTest -->
