<?xml version="1.0" encoding="UTF-8"?>
<!-- Generated by org.testng.reporters.JUnitReportReporter -->
<testsuite hostname="DESKTOP-Q8VNHIO" failures="0" tests="2" name="testNGExample.DbConnection" time="0.015" errors="0" timestamp="2022-05-16T23:39:42 IST" skipped="0">
  <testcase classname="testNGExample.DbConnection" name="testCase2" time="0.010"/>
  <system-out/>
  <testcase classname="testNGExample.DbConnection" name="testCase1" time="0.005"/>
  <system-out/>
</testsuite> <!-- testNGExample.DbConnection -->
