<?xml version="1.0" encoding="UTF-8"?>
<!-- Generated by org.testng.reporters.JUnitReportReporter -->
<testsuite hostname="DESKTOP-Q8VNHIO" failures="0" tests="3" name="testNGExample.TestSuiteDemo2" time="0.010" errors="0" timestamp="2022-05-19T19:08:47 IST" skipped="0">
  <testcase classname="testNGExample.TestSuiteDemo2" name="LoginTest" time="0.002"/>
  <system-out/>
  <testcase classname="testNGExample.TestSuiteDemo2" name="test01" time="0.006"/>
  <system-out/>
  <testcase classname="testNGExample.TestSuiteDemo2" name="LoginTest2" time="0.002"/>
  <system-out/>
</testsuite> <!-- testNGExample.TestSuiteDemo2 -->
