<?xml version="1.0" encoding="UTF-8"?>
<!-- Generated by org.testng.reporters.JUnitReportReporter -->
<testsuite hostname="DESKTOP-Q8VNHIO" failures="0" tests="1" name="testNGExample.Class02" time="0.010" errors="0" timestamp="2022-06-09T22:23:43 IST" skipped="0">
  <testcase classname="testNGExample.Class02" name="login01" time="0.010"/>
  <system-out/>
</testsuite> <!-- testNGExample.Class02 -->
