<?xml version="1.0" encoding="UTF-8"?>
<!-- Generated by org.testng.reporters.JUnitReportReporter -->
<testsuite hostname="DESKTOP-Q8VNHIO" failures="0" tests="3" name="ui.DataProviderDemo" time="19.026" errors="0" timestamp="2022-05-20T18:19:56 IST" skipped="0">
  <testcase classname="ui.DataProviderDemo" name="useData" time="5.083"/>
  <system-out/>
  <testcase classname="ui.DataProviderDemo" name="useData" time="9.628"/>
  <system-out/>
  <testcase classname="ui.DataProviderDemo" name="useData" time="4.315"/>
  <system-out/>
</testsuite> <!-- ui.DataProviderDemo -->
