<?xml version="1.0" encoding="UTF-8"?>
<!-- Generated by org.testng.reporters.JUnitReportReporter -->
<testsuite hostname="DESKTOP-Q8VNHIO" failures="0" tests="1" name="testNGExample.AssertionExample" time="22.582" errors="0" timestamp="2022-05-18T23:14:55 IST" skipped="0">
  <testcase classname="testNGExample.AssertionExample" name="testTitle" time="22.582"/>
  <system-out/>
</testsuite> <!-- testNGExample.AssertionExample -->
