<?xml version="1.0" encoding="UTF-8"?>
<!-- Generated by org.testng.reporters.JUnitReportReporter -->
<testsuite hostname="DESKTOP-Q8VNHIO" failures="0" tests="3" name="testNGExample.SkipTestDemo" time="0.032" errors="0" timestamp="2022-05-19T09:20:12 IST" skipped="3">
  <testcase classname="testNGExample.SkipTestDemo" name="skip2" time="0.027">
    <skipped/>
  </testcase> <!-- skip2 -->
  <system-out/>
  <testcase classname="testNGExample.SkipTestDemo" name="skip3" time="0.005">
    <skipped/>
  </testcase> <!-- skip3 -->
  <system-out/>
  <testcase classname="testNGExample.SkipTestDemo" name="skip1">
    <skipped/>
  </testcase> <!-- skip1 -->
  <system-out/>
</testsuite> <!-- testNGExample.SkipTestDemo -->
