<?xml version="1.0" encoding="UTF-8"?>
<!-- Generated by org.testng.reporters.JUnitReportReporter -->
<testsuite hostname="DESKTOP-Q8VNHIO" failures="0" tests="1" name="testNGExample.BrowserApplicationLaunch" time="12.062" errors="0" timestamp="2022-05-21T20:11:55 IST" skipped="0">
  <testcase classname="testNGExample.BrowserApplicationLaunch" name="launchBr" time="12.062"/>
  <system-out/>
</testsuite> <!-- testNGExample.BrowserApplicationLaunch -->
