<?xml version="1.0" encoding="UTF-8"?>
<!-- Generated by org.testng.reporters.JUnitReportReporter -->
<testsuite hostname="DESKTOP-IS9C688" failures="0" tests="1" name="testNGExample.TestNGAnnotationSequence2" time="0.014" errors="0" timestamp="2022-08-28T15:14:12 IST" skipped="0">
  <testcase classname="testNGExample.TestNGAnnotationSequence2" name="test51" time="0.014"/>
  <system-out/>
</testsuite> <!-- testNGExample.TestNGAnnotationSequence2 -->
