<?xml version="1.0" encoding="UTF-8"?>
<!-- Generated by org.testng.reporters.JUnitReportReporter -->
<testsuite hostname="DESKTOP-IS9C688" failures="0" tests="1" name="testNGExample.AutomationTask" time="9.258" errors="0" timestamp="2022-09-01T22:13:15 IST" skipped="0">
  <testcase classname="testNGExample.AutomationTask" name="test" time="9.258"/>
  <system-out/>
</testsuite> <!-- testNGExample.AutomationTask -->
