<?xml version="1.0" encoding="UTF-8"?>
<!-- Generated by org.testng.reporters.JUnitReportReporter -->
<testsuite hostname="DESKTOP-Q8VNHIO" failures="0" tests="3" name="dataProviderTestPackage.DataProviderTest" time="0.034" errors="0" timestamp="2022-05-21T14:17:20 IST" skipped="0">
  <testcase classname="dataProviderTestPackage.DataProviderTest" name="useData" time="0.009"/>
  <system-out/>
  <testcase classname="dataProviderTestPackage.DataProviderTest" name="useData" time="0.018"/>
  <system-out/>
  <testcase classname="dataProviderTestPackage.DataProviderTest" name="useData" time="0.007"/>
  <system-out/>
</testsuite> <!-- dataProviderTestPackage.DataProviderTest -->
