<?xml version="1.0" encoding="UTF-8"?>
<!-- Generated by org.testng.reporters.JUnitReportReporter -->
<testsuite hostname="DESKTOP-Q8VNHIO" failures="0" tests="1" name="testNGExample.TestSuiteDemo" time="0.017" errors="0" timestamp="2022-06-09T19:39:25 IST" skipped="0">
  <testcase classname="testNGExample.TestSuiteDemo" name="test01" time="0.017"/>
  <system-out/>
</testsuite> <!-- testNGExample.TestSuiteDemo -->
