<?xml version="1.0" encoding="UTF-8"?>
<!-- Generated by org.testng.reporters.JUnitReportReporter -->
<testsuite hostname="DESKTOP-Q8VNHIO" failures="0" tests="1" name="ui.ListnerDemoTest" time="2.521" errors="0" timestamp="2022-05-30T18:28:01 IST" skipped="0">
  <testcase classname="ui.ListnerDemoTest" name="lauchApp" time="2.521"/>
  <system-out/>
</testsuite> <!-- ui.ListnerDemoTest -->
