<?xml version="1.0" encoding="UTF-8"?>
<!-- Generated by org.testng.reporters.JUnitReportReporter -->
<testsuite hostname="DESKTOP-IS9C688" failures="0" tests="2" name="testNGExample.TestNGAnnotationSequence" time="0.008" errors="0" timestamp="2022-08-28T15:17:44 IST" skipped="0">
  <testcase classname="testNGExample.TestNGAnnotationSequence" name="test5" time="0.002"/>
  <system-out/>
  <testcase classname="testNGExample.TestNGAnnotationSequence" name="method" time="0.006"/>
  <system-out/>
</testsuite> <!-- testNGExample.TestNGAnnotationSequence -->
