<?xml version="1.0" encoding="UTF-8"?>
<!-- Generated by org.testng.reporters.JUnitReportReporter -->
<testsuite hostname="DESKTOP-IS9C688" failures="0" tests="1" name="testNGExample.GroupingDemo2" time="0.001" errors="0" timestamp="2022-08-14T16:05:52 IST" skipped="0">
  <testcase classname="testNGExample.GroupingDemo2" name="test03" time="0.001"/>
  <system-out/>
</testsuite> <!-- testNGExample.GroupingDemo2 -->
