<?xml version="1.0" encoding="UTF-8"?>
<!-- Generated by org.testng.reporters.JUnitReportReporter -->
<testsuite hostname="DESKTOP-Q8VNHIO" failures="0" tests="4" name="ui.ReportTest" time="0.043" errors="0" timestamp="2022-05-31T08:14:17 IST" skipped="0">
  <testcase classname="ui.ReportTest" name="report02" time="0.008"/>
  <system-out/>
  <testcase classname="ui.ReportTest" name="report03" time="0.006"/>
  <system-out/>
  <testcase classname="ui.ReportTest" name="report04" time="0.008"/>
  <system-out/>
  <testcase classname="ui.ReportTest" name="report01" time="0.021"/>
  <system-out>
    <![CDATA[test report]]>
  </system-out>
</testsuite> <!-- ui.ReportTest -->
