<?xml version="1.0" encoding="UTF-8"?>
<!-- Generated by org.testng.reporters.JUnitReportReporter -->
<testsuite hostname="DESKTOP-Q8VNHIO" failures="0" tests="6" name="dataProviderTestPackage.MultipleDataProviderTest" time="0.046" errors="0" timestamp="2022-05-21T17:46:27 IST" skipped="0">
  <testcase classname="dataProviderTestPackage.MultipleDataProviderTest" name="useData1" time="0.003"/>
  <system-out/>
  <testcase classname="dataProviderTestPackage.MultipleDataProviderTest" name="useData1" time="0.005"/>
  <system-out/>
  <testcase classname="dataProviderTestPackage.MultipleDataProviderTest" name="useData" time="0.005"/>
  <system-out/>
  <testcase classname="dataProviderTestPackage.MultipleDataProviderTest" name="useData1" time="0.007"/>
  <system-out/>
  <testcase classname="dataProviderTestPackage.MultipleDataProviderTest" name="useData" time="0.010"/>
  <system-out/>
  <testcase classname="dataProviderTestPackage.MultipleDataProviderTest" name="useData" time="0.016"/>
  <system-out/>
</testsuite> <!-- dataProviderTestPackage.MultipleDataProviderTest -->
