<?xml version="1.0" encoding="UTF-8"?>
<!-- Generated by org.testng.reporters.JUnitReportReporter -->
<testsuite hostname="DESKTOP-Q8VNHIO" failures="0" tests="1" name="testNGExample.AnnotationBeforeClassAndGroup" time="0.004" errors="0" timestamp="2022-05-19T14:12:26 IST" skipped="0">
  <testcase classname="testNGExample.AnnotationBeforeClassAndGroup" name="test3" time="0.004"/>
  <system-out/>
</testsuite> <!-- testNGExample.AnnotationBeforeClassAndGroup -->
