<?xml version="1.0" encoding="UTF-8"?>
<!-- Generated by org.testng.reporters.JUnitReportReporter -->
<testsuite hostname="DESKTOP-IS9C688" failures="0" tests="1" name="testNGExample.GroupingDemo" time="0.008" errors="0" timestamp="2022-08-14T16:05:52 IST" skipped="0">
  <testcase classname="testNGExample.GroupingDemo" name="test6" time="0.008"/>
  <system-out/>
</testsuite> <!-- testNGExample.GroupingDemo -->
